[22:20:15] [ServerMain/INFO]: Environment: authHost='https://authserver.mojang.com', accountsHost='https://api.mojang.com', sessionHost='https://sessionserver.mojang.com', servicesHost='https://api.minecraftservices.com', name='PROD'
[22:20:15] [ServerMain/INFO]: Loaded 7 recipes
[22:20:15] [ServerMain/INFO]: Loaded 1943 advancements
[22:20:16] [Server thread/INFO]: Starting minecraft server version 1.20 Pre-release 1
[22:20:16] [Server thread/INFO]: Loading properties
[22:20:16] [Server thread/INFO]: Default game type: SURVIVAL
[22:20:16] [Server thread/INFO]: Generating keypair
[22:20:16] [Server thread/INFO]: Starting Minecraft server on *:25565
[22:20:16] [Server thread/INFO]: Using default channel type
[22:20:16] [Server thread/INFO]: Preparing level "world"
[22:20:17] [Server thread/INFO]: Preparing start region for dimension minecraft:overworld
[22:20:17] [User Authenticator #1/INFO]: UUID of player ThatSkadoosh is 4d41b125-3785-403a-981f-00ec048be212
[22:20:18] [Worker-Main-1/INFO]: Preparing spawn area: 0%
[22:20:18] [Worker-Main-5/INFO]: Preparing spawn area: 0%
[22:20:18] [Worker-Main-2/INFO]: Preparing spawn area: 0%
[22:20:18] [Worker-Main-3/INFO]: Preparing spawn area: 0%
[22:20:19] [Worker-Main-5/INFO]: Preparing spawn area: 58%
[22:20:19] [Server thread/INFO]: Time elapsed: 2207 ms
[22:20:19] [Server thread/INFO]: Done (3.133s)! For help, type "help"
[22:20:19] [Server thread/INFO]: ThatSkadoosh[/127.0.0.1:64145] logged in with entity id 192 at (116.17103093651643, 109.0, -58.259417066872665)
[22:20:19] [Server thread/INFO]: ThatSkadoosh joined the game
[22:20:26] [Server thread/INFO]: ThatSkadoosh has made the advancement [We Need to Go Deeper]
[22:20:51] [Server thread/INFO]: [ThatSkadoosh: Set own game mode to Creative Mode]
[22:21:19] [Server thread/INFO]: ThatSkadoosh lost connection: Disconnected
[22:21:19] [Server thread/INFO]: ThatSkadoosh left the game
[22:22:23] [Server thread/INFO]: Stopping the server
[22:22:23] [Server thread/INFO]: Stopping server
[22:22:23] [Server thread/INFO]: Saving players
[22:22:23] [Server thread/INFO]: Saving worlds
[22:22:23] [Server thread/INFO]: Saving chunks for level 'ServerLevel[world]'/minecraft:overworld
[22:22:23] [Server thread/INFO]: Saving chunks for level 'ServerLevel[world]'/minecraft:the_nether
[22:22:23] [Server thread/INFO]: Saving chunks for level 'ServerLevel[world]'/minecraft:the_end
[22:22:23] [Server thread/INFO]: ThreadedAnvilChunkStorage (world): All chunks are saved
[22:22:23] [Server thread/INFO]: ThreadedAnvilChunkStorage (DIM-1): All chunks are saved
[22:22:23] [Server thread/INFO]: ThreadedAnvilChunkStorage (DIM1): All chunks are saved
[22:22:23] [Server thread/INFO]: ThreadedAnvilChunkStorage: All dimensions are saved
